<?xml version="1.0" encoding="UTF-8"?>
<testng-results ignored="0" total="1" passed="1" failed="0" skipped="0">
  <reporter-output>
  </reporter-output>
  <suite started-at="2023-04-29T16:55:09Z" name="Default suite" finished-at="2023-04-29T16:55:44Z" duration-ms="35120">
    <groups>
    </groups>
    <test started-at="2023-04-29T16:55:09Z" name="Default test" finished-at="2023-04-29T16:55:44Z" duration-ms="35120">
      <class name="com.google.qa.FirstTest">
        <test-method signature="f()[pri:0, instance:com.google.qa.FirstTest@1838ccb8]" started-at="2023-04-29T16:55:09Z" name="f" finished-at="2023-04-29T16:55:44Z" duration-ms="34840" status="PASS">
          <reporter-output>
          </reporter-output>
        </test-method> <!-- f -->
      </class> <!-- com.google.qa.FirstTest -->
    </test> <!-- Default test -->
  </suite> <!-- Default suite -->
</testng-results>
